# JRE version: Java(TM) SE Runtime Environment (8.0_60-b27) (build 1.8.0_60-b27)
# Java VM: Java HotSpot(TM) 64-Bit Server VM (25.60-b23 mixed mode linux-amd64 compressed oops)
Heap:
 PSYoungGen      total 50176K, used 24561K [0x00000000d7000000, 0x00000000dbb00000, 0x0000000100000000)
  eden space 27648K, 25% used [0x00000000d7000000,0x00000000d76fae98,0x00000000d8b00000)
  from space 22528K, 77% used [0x00000000d8b80000,0x00000000d9c817e8,0x00000000da180000)
  to   space 24576K, 0% used [0x00000000da300000,0x00000000da300000,0x00000000dbb00000)
 ParOldGen       total 84992K, used 49615K [0x0000000085000000, 0x000000008a300000, 0x00000000d7000000)
  object space 84992K, 58% used [0x0000000085000000,0x0000000088073d40,0x000000008a300000)
 Metaspace       used 20263K, capacity 21108K, committed 21248K, reserved 1067008K
  class space    used 2574K, capacity 2764K, committed 2816K, reserved 1048576K
GC Heap History (10 events):
Event: 5,569 GC heap before
{Heap before GC invocations=3 (full 0):
 PSYoungGen      total 36864K, used 36649K [0x00000000d7000000, 0x00000000db800000, 0x0000000100000000)
  eden space 31744K, 99% used [0x00000000d7000000,0x00000000d8ed25a8,0x00000000d8f00000)
  from space 5120K, 99% used [0x00000000d9400000,0x00000000d98f8040,0x00000000d9900000)
  to   space 5120K, 0% used [0x00000000d8f00000,0x00000000d8f00000,0x00000000d9400000)
 ParOldGen       total 84992K, used 9555K [0x0000000085000000, 0x000000008a300000, 0x00000000d7000000)
  object space 84992K, 11% used [0x0000000085000000,0x0000000085954d28,0x000000008a300000)
 Metaspace       used 18971K, capacity 19710K, committed 19968K, reserved 1067008K
  class space    used 2530K, capacity 2740K, committed 2816K, reserved 1048576K
Event: 5,589 GC heap after
Heap after GC invocations=3 (full 0):
 PSYoungGen      total 36864K, used 5117K [0x00000000d7000000, 0x00000000db800000, 0x0000000100000000)
  eden space 31744K, 0% used [0x00000000d7000000,0x00000000d7000000,0x00000000d8f00000)
  from space 5120K, 99% used [0x00000000d8f00000,0x00000000d93ff768,0x00000000d9400000)
  to   space 5120K, 0% used [0x00000000db300000,0x00000000db300000,0x00000000db800000)
 ParOldGen       total 84992K, used 19670K [0x0000000085000000, 0x000000008a300000, 0x00000000d7000000)
  object space 84992K, 23% used [0x0000000085000000,0x0000000086335a08,0x000000008a300000)
 Metaspace       used 18971K, capacity 19710K, committed 19968K, reserved 1067008K
  class space    used 2530K, capacity 2740K, committed 2816K, reserved 1048576K
}
Event: 15,156 GC heap before
{Heap before GC invocations=4 (full 0):
 PSYoungGen      total 36864K, used 36861K [0x00000000d7000000, 0x00000000db800000, 0x0000000100000000)
  eden space 31744K, 100% used [0x00000000d7000000,0x00000000d8f00000,0x00000000d8f00000)
  from space 5120K, 99% used [0x00000000d8f00000,0x00000000d93ff768,0x00000000d9400000)
  to   space 5120K, 0% used [0x00000000db300000,0x00000000db300000,0x00000000db800000)
 ParOldGen       total 84992K, used 19670K [0x0000000085000000, 0x000000008a300000, 0x00000000d7000000)
  object space 84992K, 23% used [0x0000000085000000,0x0000000086335a08,0x000000008a300000)
 Metaspace       used 19545K, capacity 20338K, committed 20480K, reserved 1067008K
  class space    used 2557K, capacity 2750K, committed 2816K, reserved 1048576K
Event: 15,184 GC heap after
Heap after GC invocations=4 (full 0):
 PSYoungGen      total 36864K, used 4783K [0x00000000d7000000, 0x00000000db800000, 0x0000000100000000)
  eden space 31744K, 0% used [0x00000000d7000000,0x00000000d7000000,0x00000000d8f00000)
  from space 5120K, 93% used [0x00000000db300000,0x00000000db7abf68,0x00000000db800000)
  to   space 5120K, 0% used [0x00000000d8f00000,0x00000000d8f00000,0x00000000d9400000)
 ParOldGen       total 84992K, used 36480K [0x0000000085000000, 0x000000008a300000, 0x00000000d7000000)
  object space 84992K, 42% used [0x0000000085000000,0x00000000873a0128,0x000000008a300000)
 Metaspace       used 19545K, capacity 20338K, committed 20480K, reserved 1067008K
  class space    used 2557K, capacity 2750K, committed 2816K, reserved 1048576K
}
Event: 25,299 GC heap before
{Heap before GC invocations=5 (full 0):
 PSYoungGen      total 36864K, used 35626K [0x00000000d7000000, 0x00000000db800000, 0x0000000100000000)
  eden space 31744K, 97% used [0x00000000d7000000,0x00000000d8e1eb80,0x00000000d8f00000)
  from space 5120K, 93% used [0x00000000db300000,0x00000000db7abf68,0x00000000db800000)
  to   space 5120K, 0% used [0x00000000d8f00000,0x00000000d8f00000,0x00000000d9400000)
 ParOldGen       total 84992K, used 36480K [0x0000000085000000, 0x000000008a300000, 0x00000000d7000000)
  object space 84992K, 42% used [0x0000000085000000,0x00000000873a0128,0x000000008a300000)
 Metaspace       used 20092K, capacity 20916K, committed 20992K, reserved 1067008K
  class space    used 2572K, capacity 2764K, committed 2816K, reserved 1048576K
Event: 25,310 GC heap after
Heap after GC invocations=5 (full 0):
 PSYoungGen      total 36352K, used 5103K [0x00000000d7000000, 0x00000000db480000, 0x0000000100000000)
  eden space 31232K, 0% used [0x00000000d7000000,0x00000000d7000000,0x00000000d8e80000)
  from space 5120K, 99% used [0x00000000d8f00000,0x00000000d93fbf68,0x00000000d9400000)
  to   space 19456K, 0% used [0x00000000da180000,0x00000000da180000,0x00000000db480000)
 ParOldGen       total 84992K, used 46630K [0x0000000085000000, 0x000000008a300000, 0x00000000d7000000)
  object space 84992K, 54% used [0x0000000085000000,0x0000000087d89808,0x000000008a300000)
 Metaspace       used 20092K, capacity 20916K, committed 20992K, reserved 1067008K
  class space    used 2572K, capacity 2764K, committed 2816K, reserved 1048576K
}
Event: 30,079 GC heap before
{Heap before GC invocations=6 (full 0):
 PSYoungGen      total 36352K, used 36206K [0x00000000d7000000, 0x00000000db480000, 0x0000000100000000)
  eden space 31232K, 99% used [0x00000000d7000000,0x00000000d8e5fb50,0x00000000d8e80000)
  from space 5120K, 99% used [0x00000000d8f00000,0x00000000d93fbf68,0x00000000d9400000)
  to   space 19456K, 0% used [0x00000000da180000,0x00000000da180000,0x00000000db480000)
 ParOldGen       total 84992K, used 46630K [0x0000000085000000, 0x000000008a300000, 0x00000000d7000000)
  object space 84992K, 54% used [0x0000000085000000,0x0000000087d89808,0x000000008a300000)
 Metaspace       used 20144K, capacity 20916K, committed 20992K, reserved 1067008K
  class space    used 2574K, capacity 2764K, committed 2816K, reserved 1048576K
Event: 30,090 GC heap after
Heap after GC invocations=6 (full 0):
 PSYoungGen      total 47616K, used 17205K [0x00000000d7000000, 0x00000000dba00000, 0x0000000100000000)
  eden space 28160K, 0% used [0x00000000d7000000,0x00000000d7000000,0x00000000d8b80000)
  from space 19456K, 88% used [0x00000000da180000,0x00000000db24d658,0x00000000db480000)
  to   space 22528K, 0% used [0x00000000d8b80000,0x00000000d8b80000,0x00000000da180000)
 ParOldGen       total 84992K, used 46638K [0x0000000085000000, 0x000000008a300000, 0x00000000d7000000)
  object space 84992K, 54% used [0x0000000085000000,0x0000000087d8b808,0x000000008a300000)
 Metaspace       used 20144K, capacity 20916K, committed 20992K, reserved 1067008K
  class space    used 2574K, capacity 2764K, committed 2816K, reserved 1048576K
}
Event: 32,240 GC heap before
{Heap before GC invocations=7 (full 0):
 PSYoungGen      total 47616K, used 45365K [0x00000000d7000000, 0x00000000dba00000, 0x0000000100000000)
  eden space 28160K, 100% used [0x00000000d7000000,0x00000000d8b80000,0x00000000d8b80000)
  from space 19456K, 88% used [0x00000000da180000,0x00000000db24d658,0x00000000db480000)
  to   space 22528K, 0% used [0x00000000d8b80000,0x00000000d8b80000,0x00000000da180000)
 ParOldGen       total 84992K, used 46638K [0x0000000085000000, 0x000000008a300000, 0x00000000d7000000)
  object space 84992K, 54% used [0x0000000085000000,0x0000000087d8b808,0x000000008a300000)
 Metaspace       used 20211K, capacity 20980K, committed 21248K, reserved 1067008K
  class space    used 2574K, capacity 2764K, committed 2816K, reserved 1048576K
Event: 32,262 GC heap after
Heap after GC invocations=7 (full 0):
 PSYoungGen      total 50176K, used 17413K [0x00000000d7000000, 0x00000000dbb00000, 0x0000000100000000)
  eden space 27648K, 0% used [0x00000000d7000000,0x00000000d7000000,0x00000000d8b00000)
  from space 22528K, 77% used [0x00000000d8b80000,0x00000000d9c817e8,0x00000000da180000)
  to   space 24576K, 0% used [0x00000000da300000,0x00000000da300000,0x00000000dbb00000)
 ParOldGen       total 84992K, used 49615K [0x0000000085000000, 0x000000008a300000, 0x00000000d7000000)
  object space 84992K, 58% used [0x0000000085000000,0x0000000088073d40,0x000000008a300000)
 Metaspace       used 20211K, capacity 20980K, committed 21248K, reserved 1067008K
  class space    used 2574K, capacity 2764K, committed 2816K, reserved 1048576K
}

